107 [5320] INFO perfrun.launcher <> - Launcher main begin
111 [5320] INFO perfrun.launcher <> - MessageCatalogInit finished
111 [5320] INFO perfrun.launcher <> - Launcher instance created
111 [5320] INFO perfrun.launcher <> - argc = 7; cmdline = C:\Program Files (x86)\IntelSWTools\VTune Profiler 2020\bin64\amplxe-runss.exe --ui-output-format xml --ui-output-fd 1660 --option-file C:\Users\cyber\source\repos\LiczbyPierwsze\LiczbyPierwsze\VTune Profiler Results\LiczbyPierwsze\r008hs\config\runss.options 
141 [5320] INFO perfrun.launcher <> - New signal handler callback was added
150 [5320] INFO perfrun.launcher <> - plugin remoteplug has been added successfully
150 [5320] INFO perfrun.launcher <> - plugin system has been added successfully
150 [5320] INFO perfrun.launcher <> - plugin  has been added successfully
151 [5320] INFO perfrun.launcher <> - plugin itt has been added successfully
151 [5320] INFO perfrun.launcher <> - plugin  has been added successfully
151 [5320] INFO perfrun.launcher <> - plugin gpu has been added successfully
151 [5320] INFO perfrun.launcher <> - plugin etw.kernel has been added successfully
151 [5320] INFO perfrun.launcher <> - plugin etw.dx has been added successfully
151 [5320] INFO perfrun.launcher <> - plugin etw.wsa has been added successfully
151 [5320] INFO perfrun.launcher <> - plugin mrte has been added successfully
151 [5320] INFO perfrun.launcher <> - plugin emon has been added successfully
151 [5320] INFO perfrun.launcher <> - plugin cuscol has been added successfully
151 [5320] INFO perfrun.launcher <> - plugin stdsrc has been added successfully
151 [5320] INFO perfrun.launcher <> - plugin sep has been added successfully
151 [5320] INFO perfrun.launcher <> - plugin vtsspp has been added successfully
151 [5320] INFO perfrun.launcher <> - plugin  has been added successfully
157 [5320] INFO perfrun.launcher <> - plugin tpss has been added successfully
157 [5320] INFO perfrun.launcher <> - plugin exprof has been added successfully
157 [5320] INFO perfrun.launcher <> - plugin  has been added successfully
157 [5320] INFO perfrun.launcher <> - plugin  has been added successfully
157 [5320] INFO perfrun.launcher <> - plugin  has been added successfully
157 [5320] INFO perfrun.launcher <> - plugin  has been added successfully
157 [5320] INFO perfrun.launcher <> - plugin  has been added successfully
157 [5320] INFO perfrun.launcher <> - plugin power has been added successfully
158 [5320] INFO perfrun.launcher <> - the option was added --interval: Specify an interval of data collection (for example, sampling) in milliseconds.
158 [5320] INFO perfrun.launcher <> - the option was added --follow-child: Profile process with or without children.
159 [5320] INFO perfrun.launcher <> - the option was added --gelding: BADMSG: perfrun1.launcher.plugin_manager::gelding
159 [5320] INFO perfrun.launcher <> - the option was added --time-source: Specify time source for measurement. Possible values: sys - wall clock time; tsc - time stamp counter; ext - time from an external source; auto - auto select accurate time source.
159 [5320] INFO perfrun.launcher <> - the option was added --stack: Enable or disable collection of stacks.
159 [5320] INFO perfrun.launcher <> - the option was added --stack-stitching: Enable or disable the stack stitching algorithm for Intel TBB-based applications.
160 [5320] INFO perfrun.launcher <> - the option was added --type: Specify type of data to be collected. For example, --type cpu:counters,waiting:nostack,io.
160 [5320] INFO perfrun.launcher <> - the option was added --mrte-mode: Specify Java/.NET/other managed runtime collection mode. Possible values: native - collect information only for native code; managed - collect information only for managed code; mixed - collect information for both managed and native code; auto - choose the mode based on binary type.
160 [5320] INFO perfrun.launcher <> - the option was added --mrte-mode-list: List supported Java/.NET/other managed runtime collection modes.
160 [5320] INFO perfrun.launcher <> - the option was added --mrte-type: Specify which managed runtimes to collect. Possible values: java - collect information for Java; dotnet - collect information for .NET; python - collect information for CPython. You can specify several values separated by comma.
160 [5320] INFO perfrun.launcher <> - the option was added --mrte-type-list: List supported Java/.NET/other managed runtime types.
160 [5320] INFO perfrun.launcher <> - the option was added --trace-strategy: Specify how to profile a process tree. <string> can be "<process>:trace:notrace" - profile the process but do not profile its children. Shorthand parameters: t - trace, nt - notrace. For example, "vtunedemo.exe:t:t".
160 [5320] INFO perfrun.launcher <> - the option was added --collector: BADMSG: perfrun1.launcher.plugin_manager::collector
160 [5320] INFO perfrun.launcher <> - the option was added --system-wide: Enable system-wide profiling. This mode may require additional permissions.
160 [5320] INFO perfrun.launcher <> - the option was added --kvm-guest: Enable KVM guest OS profiling.
160 [5320] INFO perfrun.launcher <> - the option was added --kvm-guest-kallsyms: Specify a local path to the /proc/kallsyms file copied from the guest OS for proper symbol resolution.
160 [5320] INFO perfrun.launcher <> - the option was added --kvm-guest-modules: Specify a local path to the /proc/modules file copied from the guest OS for proper symbol resolution.
160 [5320] INFO perfrun.launcher <> - the option was added --bandwidth-limits: Measure bandwidth limits
160 [5320] INFO perfrun.launcher <> - the option was added --bandwidth-strategy: Bandwidth limits determination specific properties (example: --bandwidth-strategy array-size=0,duration=500).
160 [5320] INFO perfrun.launcher <> - the option was added --bandwidth-config: List of benchmarks to run.
161 [5320] INFO perfrun.launcher <> - the option was added --system-collector-config: Specify subcollectors. Possible values: all, container, device-info, none.
161 [5320] INFO perfrun.launcher <> - the option was added --itt-config: Specify a sub-set of ITT API to collect.
161 [5320] INFO perfrun.launcher <> - the option was added --itt-debug: Set pseudo-breakpoint at ITT API collector's start to enable the debugger to attach early.
161 [5320] INFO perfrun.launcher <> - the option was added --gpu-config: Specify types of GPU data to be collected. Possible values: preset1, preset2.
161 [5320] INFO perfrun.launcher <> - the option was added --gpu-debug: Enable self-testing of the GPGPU profiling collector.
161 [5320] INFO perfrun.launcher <> - the option was added --etw-config: Enable advanced collection of GPU data.
161 [5320] INFO perfrun.launcher <> - the option was added --aggregated-counting: Enable aggregated counting mode.
161 [5320] INFO perfrun.launcher <> - the option was added --custom-collector: Allows to provide arbitrary command line to be run on collection steps.
161 [5320] INFO perfrun.launcher <> - the option was added --stdsrc-config: Specify Standard Sources category tag(s).
161 [5320] INFO perfrun.launcher <> - the option was added --event-info: BADMSG: perfrun1.stdsrc::event-info
161 [5320] INFO perfrun.launcher <> - the option was added --cpu-list: List supported CPUs.
161 [5320] INFO perfrun.launcher <> - the option was added --target-list: List available targets for performing sampling collection.
161 [5320] INFO perfrun.launcher <> - the option was added --event-value-list: Display event information.
161 [5320] INFO perfrun.launcher <> - the option was added --platform-value-list: Display details of supported platforms.
161 [5320] INFO perfrun.launcher <> - the option was added --uncore-event-list: List uncore events for which a sampling data collection can be performed on this platform.
161 [5320] INFO perfrun.launcher <> - the option was added --modifier-list: Specify the event name <string> for which the modifiers list is requested.
161 [5320] INFO perfrun.launcher <> - the option was added --pmu-list: List supported PMUs.
161 [5320] INFO perfrun.launcher <> - the option was added --os-mode-only: Enable sampling data collection for OS-mode processes only.
161 [5320] INFO perfrun.launcher <> - the option was added --user-mode-only: Enable sampling data collection for user-mode processes only.
161 [5320] INFO perfrun.launcher <> - the option was added --event-config: Perform data collection for the events with <string> configured using the format <event name1>":modifier1=val:modifier2=val/constraint1={:modifier3=val:modifier4=val}...,"<event name2>":... Specify the events(s) to monitor and embed the event names within double quotes("). [:modifier=val] specifies individual event modifiers along with the respective values for a given platform. Note that the modifiers can be generic to an event as well as specific to a constraint (or an event qualifier). The constraint specific special modifiers appear after [/constraint=]. The modifiers can be in decimal or hexadecimal format. Only specific modifiers accept the value as a string. Each event specification is delimited by a comma (,). For a list of supported modifiers and constraints, refer to the documentation.
161 [5320] INFO perfrun.launcher <> - the option was added --chipset-event-config: Perform data collection for the chipset events with <string> configured using the format "<event name1>"...,"<event name2>":... Specify the events(s) to monitor and embed the event names within double quotes(").
161 [5320] INFO perfrun.launcher <> - the option was added --uncore-event-config: Perform uncore data collection in ebc count mode for the events with <string> configured using the format "<event name1>"...,"<event name2>":... Specify the events(s) to monitor and embed the event names within double quotes(").
162 [5320] INFO perfrun.launcher <> - the option was added --count: Enable counting mode.
162 [5320] INFO perfrun.launcher <> - the option was added --count-emon: Enable counting mode and output the data in EMON format.
162 [5320] INFO perfrun.launcher <> - the option was added --event-based-counts: Enable event-based counting mode. During sampling data collection, event counts data is collected for the list of events specified in -event-config option.
162 [5320] INFO perfrun.launcher <> - the option was added --event-mux-tfactor: Specify the event multiplexing tfactor as <integer> to set the length of the interval between interrupts. The larger the tfactor value, the larger the period between interrupts. Currently this option is only available on Intel platforms codenamed Knights Corner.
162 [5320] INFO perfrun.launcher <> - the option was added --uncore-sampling-interval: Specify the uncore sampling interval as <integer>. This value set the uncore sampling interval for all the uncore events specified in -event-config option.
162 [5320] INFO perfrun.launcher <> - the option was added --full-pebs-capture: Capture full pebs information.
162 [5320] INFO perfrun.launcher <> - the option was added --last-branch-records: Capture Last Branch Records information.
162 [5320] INFO perfrun.launcher <> - the option was added --pmu-type: Specify the targeted PMU name as <string>.
162 [5320] INFO perfrun.launcher <> - the option was added --platform-type: Specify the targeted platform number as <number>.
162 [5320] INFO perfrun.launcher <> - the option was added --p-state-trigger: Specify the name of the trigger event for P-state data as <string>. The default trigger is CPU_CLK_UNHALTED.REF_TSC.
162 [5320] INFO perfrun.launcher <> - the option was added --bts-count: Specify the <integer> number of BTS records collected after each sample or context switch (VTSS++ only).
162 [5320] INFO perfrun.launcher <> - the option was added --cpu-mask: Specify which CPU(s) <string> to collect data on. For example, specify "2-8,10,12-14" to sample only CPUs 2 through 8, 10, and 12 through 14.
162 [5320] INFO perfrun.launcher <> - the option was added --event-mux-alg: Specify the event multiplexing algorithm. Possible values: sequence, timer, trigger.
162 [5320] INFO perfrun.launcher <> - the option was added --event-mux-timeslice: Specify the event multiplexing time slice value as <integer>. The time slice specifies the duration between cycles for each event multiplexing group. The default value is 50 milliseconds. This option is valid only for timer-based event multiplexing. Specify the event multiplexing time slice value as <integer>. The time slice specifies the duration between cycles for each event multiplexing group. The default value is 1 millisecond. This option is valid only for timer-based event multiplexing.
162 [5320] INFO perfrun.launcher <> - the option was added --event-mux-factor: Specify the event multiplexing factor as <integer>. It controls the switching of event multiplexing groups. The default factor is 50. This option is valid only for trigger-based event multiplexing. Specify the event multiplexing factor as <integer>. It controls the switching of event multiplexing groups. The default factor is 1. This option is valid only for trigger-based event multiplexing.
162 [5320] INFO perfrun.launcher <> - the option was added --event-mux-trigger: Specify the name of the trigger event for event multiplexing as <string>. This option is valid only for trigger-based event multiplexing. The default trigger is CPU_CLK_UNHALTED.CORE (or CPU_CLK_UNHALTED.THREAD). BADMSG: perfrun1.vtsspp::event-mux-trigger
162 [5320] INFO perfrun.launcher <> - the option was added --sample-after-multiplier: Specify the sample after multiplier as <double>. This multiplier modifies the sample after value for all the events specified in -event-config option. The values can range from 0.1 to 100.0.
162 [5320] INFO perfrun.launcher <> - the option was added --sys-config: BADMSG: perfrun1.vtsspp::sys-config
162 [5320] INFO perfrun.launcher <> - the option was added --pt-mode: BADMSG: perfrun1.vtsspp::pt-mode
162 [5320] INFO perfrun.launcher <> - the option was added --stackwalk: Specify stack unwinding method. Possible value: lbr - unwind stacks during collection. Specify stack unwinding method. Possible values: online - unwind stacks during collection; offline - unwind stacks after collection is finished; lbr - enable LBR-based call stack collection. Specify stack unwinding method. Possible values: online - unwind stacks during collection; offline - unwind stacks after collection is finished.
163 [5320] INFO perfrun.launcher <> - the option was added --filter-include: Filter data during collection. Possible values: contended=<on|off> - filter out uncontended events; contended_nostack=<time> - filter out stacks for contended events that take less than <time> microseconds; wait=<time> - ignore transitions and blocks with wait time less than <time> microseconds; wait_nostack=<time> - filter out stacks for waits that take less than <time> microseconds.
163 [5320] INFO perfrun.launcher <> - the option was added --debug-pin: Debug PIN tool and runtime.
163 [5320] INFO perfrun.launcher <> - the option was added --debug-exception: Disallow the application to set own abnormal termination handler.
163 [5320] INFO perfrun.launcher <> - the option was added --trace-type: Specify the trace file granularity. Possible values: per-thread - per-thread trace file generation; per-process - per-process trace file generation.
163 [5320] INFO perfrun.launcher <> - the option was added --instrumentation-type: Specify type of instrumentation.
163 [5320] INFO perfrun.launcher <> - the option was added --guard-pulse-event: Enable handling of PulseEvent API in order not to miss signals made by the API during Hotspots collection.
163 [5320] INFO perfrun.launcher <> - the option was added --memory-strategy: Specify a minimal memory object size to be traced and a hash table size for faster objects search; for example: --memory-strategy obj-size-min=1024,hash-table-size=4096.
163 [5320] INFO perfrun.launcher <> - the option was added --gpu-profiling-type: Specify a type of deep GPU profiling: none, bblatency, memlatency, instcount.
163 [5320] INFO perfrun.launcher <> - the option was added --opencl-trace-mode: Specify OpenCL kernel tracing modes: 'default' to trace OpenCL kernels for Intel Graphics Driver only; 'epoch' for any non-Intel graphics, where OpenCL kernels will be traced and OpenCL profiling API timestamps will be interpreted as Unux Epoch time in nanoseconds; 'completion' to trace OpenCL kernels for any Graphics Driver and bind OpenCL profiling API timestamps to the timestamp of OpenCL completion callback.
163 [5320] INFO perfrun.launcher <> - the option was added --gpu-kernels-to-profile: Specify a comma-separated list of GPU kernel names and invocations to be profiled in the following format: kernel_name[#start_idx#step#stop_idx], where kernel_name is the name of GPU kernel; start_idx is the number of the first invocation; and stop_idx is the number of the last invocation to be profiled.
163 [5320] INFO perfrun.launcher <> - the option was added --exprof-com-list: List available COM ports.
163 [5320] INFO perfrun.launcher <> - the option was added --exprof-dvc-list: List available DvC IDs.
163 [5320] INFO perfrun.launcher <> - the option was added --exprof-trace-channel: BADMSG: perfrun1.exprof::exprof-trace-channel
163 [5320] INFO perfrun.launcher <> - the option was added --exprof-event-config: Specify ExactProfiling Event Classes.
163 [5320] INFO perfrun.launcher <> - the option was added --pwr-config: BADMSG: perfrun1.vtsspp::pwr-config Specify power metrics configuration.
166 [5320] INFO perfrun.launcher <> - create msngr2::ICliToolContext
167 [5320] INFO perfrun.launcher <> - create file finder object
167 [5320] INFO perfrun.launcher <> - create a result directory: pattern = C:\Users\cyber\source\repos\LiczbyPierwsze\LiczbyPierwsze\VTune Profiler Results\LiczbyPierwsze\r008hs pid = 4294967295
173 [5320] INFO perfrun.launcher <> - create data directory = C:\Users\cyber\source\repos\LiczbyPierwsze\LiczbyPierwsze\VTune Profiler Results\LiczbyPierwsze\r008hs\data.0
179 [5320] INFO perfrun.launcher <> - Creating the master collection flag
189 [5320] INFO perfrun.launcher <> - Done creating the master collection flag
190 [19264] INFO perfrun.launcher <> - plugin [remoteplug] was disabled because it doesn't support the given collection type.
190 [19264] INFO perfrun.sdk <> - Allocating TMU :C:\Users\cyber\source\repos\LiczbyPierwsze\LiczbyPierwsze\VTune Profiler Results\LiczbyPierwsze\r008hs\data.0\systemcollector-1956-EWA-LENOVO.sc
191 [19264] INFO perfrun.launcher <> - plugin [] was disabled because it doesn't support the given collection type.
194 [19264] INFO perfrun.launcher <> - plugin [] was disabled because it doesn't support the given collection type.
194 [19264] INFO perfrun.launcher <> - plugin [gpu] was disabled because it doesn't support the given collection type.
194 [19264] INFO perfrun.launcher <> - plugin [etw.kernel] was disabled because it doesn't support the given collection type.
194 [19264] INFO perfrun.launcher <> - plugin [etw.dx] was disabled because it doesn't support the given collection type.
194 [19264] INFO perfrun.launcher <> - plugin [etw.wsa] was disabled because it doesn't support the given collection type.
195 [19264] INFO perfrun.mrte <> - Getting  mrte profiling environment ...
304 [19264] INFO perfrun.mrte <> - INTEL_MRTE_DATA_DIR=C:\Users\cyber\source\repos\LiczbyPierwsze\LiczbyPierwsze\VTune Profiler Results\LiczbyPierwsze\r008hs\data.0
304 [19264] INFO perfrun.mrte <> - INTEL_MRTE_HOST_NAME=EWA-LENOVO
304 [19264] INFO perfrun.mrte <> - JAVA_TOOL_OPTIONS=-agentlib:amplxe_tpssmrte_javaprof_1.0
304 [19264] INFO perfrun.mrte <> - COR_ENABLE_PROFILING=1
304 [19264] INFO perfrun.mrte <> - COR_PROFILER={2603158F-60BC-4915-9795-D85FC7A9A2C8}
304 [19264] INFO perfrun.mrte <> - COMPLUS_ProfAPI_ProfilerCompatibilitySetting=EnableV2Profiler
304 [19264] INFO perfrun.mrte <> - CORECLR_ENABLE_PROFILING=1
304 [19264] INFO perfrun.mrte <> - CORECLR_PROFILER={2603158F-60BC-4915-9795-D85FC7A9A2C8}
304 [19264] INFO perfrun.mrte <> - CORECLR_PROFILER_PATH=C:\Program Files (x86)\IntelSWTools\VTune Profiler 2020\bin64/amplxe_tpssmrte_clrprof_1.0.dll
304 [19264] INFO perfrun.mrte <> - INTEL_MRTE_PROFILER_MODE=mixed
304 [19264] INFO perfrun.mrte <> - Data directory: C:\Users\cyber\source\repos\LiczbyPierwsze\LiczbyPierwsze\VTune Profiler Results\LiczbyPierwsze\r008hs\data.0
304 [19264] INFO perfrun.mrte <> - Mrte plugin is initialized
305 [19264] WARN perfrun.emon <> - skip duplicated event UOPS_RETIRED.RETIRE_SLOTS:sample:sa=2000003, at file: C:\BB\INNLphep2w6r\b\tmpkyefqh\vcs\perfrun1\plugins\emon\src\controller.cpp:730
305 [19264] INFO perfrun.launcher <> - plugin [cuscol] was disabled because it doesn't support the given collection type.
305 [19264] INFO perfrun.launcher <> - plugin [stdsrc] was disabled because it doesn't support the given collection type.
305 [19264] INFO perfrun.launcher <> - plugin [sep] was disabled because it doesn't support the given collection type.
305 [19264] INFO perfrun.launcher <> - plugin [vtsspp] was disabled because it doesn't support the given collection type.
305 [19264] INFO perfrun.launcher <> - plugin [] was disabled because it doesn't support the given collection type.
305 [19264] INFO perfrun.tpss <> - initialize tpss controller
305 [19264] INFO perfrun.tpss <> - configure collection mode: value = cpu:counters:nostack
305 [19264] INFO perfrun.tpss <> - configure collection mode: value = cpu:stack
305 [19264] INFO perfrun.tpss <> - default obj-size-min=1024
305 [19264] INFO perfrun.tpss <> - default hash-table-size=0
348 [19264] INFO perfrun.launcher <> - plugin [exprof] was disabled because it doesn't support the given collection type.
348 [19264] INFO perfrun.launcher <> - plugin [] was disabled because it doesn't support the given collection type.
348 [19264] INFO perfrun.launcher <> - plugin [] was disabled because it doesn't support the given collection type.
348 [19264] INFO perfrun.launcher <> - plugin [] was disabled because it doesn't support the given collection type.
348 [19264] INFO perfrun.launcher <> - plugin [] was disabled because it doesn't support the given collection type.
348 [19264] INFO perfrun.launcher <> - plugin [] was disabled because it doesn't support the given collection type.
348 [19264] INFO perfrun.launcher <> - plugin [power] was disabled because it doesn't support the given collection type.
348 [5320] INFO perfrun.launcher <> - set environment variable: PATH = C:\Program Files (x86)\IntelSWTools\VTune Profiler 2020\bin32\runtime;C:\Program Files (x86)\IntelSWTools\VTune Profiler 2020\bin64\runtime;C:\Program Files (x86)\IntelSWTools\compilers_and_libraries_2020\windows\redist\ia32\compiler;C:\Program Files (x86)\IntelSWTools\compilers_and_libraries_2020\windows\redist\ia32\compiler;C:\Program Files (x86)\Common Files\Intel\Shared Libraries\redist\ia32_win\mpirt;C:\Program Files (x86)\Common Files\Intel\Shared Libraries\redist\intel64_win\compiler;C:\Program Files (x86)\Common Files\Intel\Shared Libraries\redist\ia32_win\compiler;C:\Program Files (x86)\Common Files\Oracle\Java\javapath;C:\WINDOWS\system32;C:\WINDOWS;C:\WINDOWS\System32\Wbem;C:\WINDOWS\System32\WindowsPowerShell\v1.0\;C:\WINDOWS\System32\OpenSSH\;C:\Program Files (x86)\Calibre2\;C:\Program Files\Git\cmd;C:\Users\cyber\AppData\Local\Microsoft\WindowsApps
348 [5320] INFO perfrun.launcher <> - set environment variable: INTEL_LIBITTNOTIFY32 = C:\Program Files (x86)\IntelSWTools\VTune Profiler 2020\bin32\runtime\ittnotify_collector.dll
349 [5320] INFO perfrun.launcher <> - set environment variable: INTEL_LIBITTNOTIFY64 = C:\Program Files (x86)\IntelSWTools\VTune Profiler 2020\bin64\runtime\ittnotify_collector.dll
349 [5320] INFO perfrun.launcher <> - set environment variable: INTEL_ITTNOTIFY_GROUPS = 
349 [5320] INFO perfrun.launcher <> - set environment variable: INTEL_JIT_PROFILER32 = C:\Program Files (x86)\IntelSWTools\VTune Profiler 2020\bin32\runtime\ittnotify_collector.dll
349 [5320] INFO perfrun.launcher <> - set environment variable: INTEL_JIT_PROFILER64 = C:\Program Files (x86)\IntelSWTools\VTune Profiler 2020\bin64\runtime\ittnotify_collector.dll
349 [5320] INFO perfrun.launcher <> - set environment variable: VS_PROFILER = ittnotify_collector.dll
349 [5320] INFO perfrun.launcher <> - set environment variable: ENABLE_JITPROFILING = 1
349 [5320] INFO perfrun.launcher <> - set environment variable: CL_CONFIG_USE_VTUNE = True
349 [5320] INFO perfrun.launcher <> - set environment variable: __OCL_MIC_INTEL_LIBITTNOTIFY64 = /amplxe/results/libittnotify_collector.so
349 [5320] INFO perfrun.launcher <> - set environment variable: __OCL_MIC_INTEL_JIT_PROFILER64 = /amplxe/results/libittnotify_collector.so
349 [5320] INFO perfrun.launcher <> - set environment variable: KMP_FORKJOIN_FRAMES = 0
349 [5320] INFO perfrun.launcher <> - set environment variable: KMP_FORKJOIN_FRAMES_MODE = 0
350 [5320] INFO perfrun.launcher <> - set environment variable: INTEL_MRTE_DATA_DIR = C:\Users\cyber\source\repos\LiczbyPierwsze\LiczbyPierwsze\VTune Profiler Results\LiczbyPierwsze\r008hs\data.0
350 [5320] INFO perfrun.launcher <> - set environment variable: INTEL_MRTE_HOST_NAME = EWA-LENOVO
350 [5320] INFO perfrun.launcher <> - set environment variable: JAVA_TOOL_OPTIONS = -agentlib:amplxe_tpssmrte_javaprof_1.0
350 [5320] INFO perfrun.launcher <> - set environment variable: COR_ENABLE_PROFILING = 1
350 [5320] INFO perfrun.launcher <> - set environment variable: COR_PROFILER = {2603158F-60BC-4915-9795-D85FC7A9A2C8}
350 [5320] INFO perfrun.launcher <> - set environment variable: COMPLUS_ProfAPI_ProfilerCompatibilitySetting = EnableV2Profiler
351 [5320] INFO perfrun.launcher <> - set environment variable: CORECLR_ENABLE_PROFILING = 1
351 [5320] INFO perfrun.launcher <> - set environment variable: CORECLR_PROFILER = {2603158F-60BC-4915-9795-D85FC7A9A2C8}
351 [5320] INFO perfrun.launcher <> - set environment variable: CORECLR_PROFILER_PATH = C:\Program Files (x86)\IntelSWTools\VTune Profiler 2020\bin64/amplxe_tpssmrte_clrprof_1.0.dll
351 [5320] INFO perfrun.launcher <> - set environment variable: INTEL_MRTE_PROFILER_MODE = mixed
351 [5320] INFO perfrun.launcher <> - RpcServer: run RPC server to handle requests
360 [5320] INFO perfrun.sdk <> - IProcessUtil: the given executable 'C:\Users\cyber\source\repos\LiczbyPierwsze\Release\LiczbyPierwsze.exe' is valid.
360 [5320] INFO perfrun.launcher <> - Launcher: command line to start before modification = C:\Users\cyber\source\repos\LiczbyPierwsze\Release\LiczbyPierwsze.exe
362 [5320] INFO perfrun.launcher <> - Launcher: command line to start after modification = C:\Program Files (x86)\IntelSWTools\VTune Profiler 2020\bin64\pin.exe -error_file C:\Users\cyber\source\repos\LiczbyPierwsze\LiczbyPierwsze\VTune Profiler Results\LiczbyPierwsze\r008hs\data.0\pinerr.tpsslog -detach_reattach -probe -follow_execv -p32 C:\Program Files (x86)\IntelSWTools\VTune Profiler 2020\bin32\pin.exe -p64 C:\Program Files (x86)\IntelSWTools\VTune Profiler 2020\bin64\pin.exe -t64 C:\Program Files (x86)\IntelSWTools\VTune Profiler 2020\bin64\tpsstool.dll -t C:\Program Files (x86)\IntelSWTools\VTune Profiler 2020\bin32\tpsstool.dll -server_name tpss_ipc.1956 -prd_dir C:\Program Files (x86)\IntelSWTools\VTune Profiler 2020 -- C:\Users\cyber\source\repos\LiczbyPierwsze\Release\LiczbyPierwsze.exe
362 [5320] INFO perfrun.launcher <> - ProcessCreator object was created
364 [5320] INFO perfrun.launcher <> - Launcher: the process was started in suspend mode
367 [19264] INFO perfrun.system <> - OpenCL gpu adapter vendor Id 32902
369 [19264] INFO perfrun.itt <> - start itt controller for pid #17756
514 [19264] INFO perfrun.emon <> - runCmd:"C:\Program Files (x86)\IntelSWTools\VTune Profiler 2020\bin64\emon.exe" -u -t0.050 -l0 -A -C "CPU_CLK_UNHALTED.ONE_THREAD_ACTIVE,CPU_CLK_UNHALTED.REF_TSC,CPU_CLK_UNHALTED.REF_XCLK,CPU_CLK_UNHALTED.THREAD,FP_ARITH_INST_RETIRED.128B_PACKED_DOUBLE,FP_ARITH_INST_RETIRED.128B_PACKED_SINGLE,FP_ARITH_INST_RETIRED.256B_PACKED_DOUBLE,FP_ARITH_INST_RETIRED.256B_PACKED_SINGLE,FP_ARITH_INST_RETIRED.SCALAR_DOUBLE,FP_ARITH_INST_RETIRED.SCALAR_SINGLE,INST_RETIRED.ANY,UOPS_EXECUTED.THREAD,UOPS_EXECUTED.X87,UOPS_RETIRED.RETIRE_SLOTS" -f "C:\Users\cyber\source\repos\LiczbyPierwsze\LiczbyPierwsze\VTune Profiler Results\LiczbyPierwsze\r008hs\data.0\emon.0.emon" -experimental
516 [19264] INFO perfrun.emon <> - Waiting trace file creation: C:\Users\cyber\source\repos\LiczbyPierwsze\LiczbyPierwsze\VTune Profiler Results\LiczbyPierwsze\r008hs\data.0\emon.0.emon
716 [19264] INFO perfrun.emon <> - trace file was found
717 [19264] INFO perfrun.tpss <> - start tpss controller for pid #17756
769 [5320] INFO perfrun.launcher <> - Launcher: all plugins were started
769 [5320] INFO perfrun.launcher <> - DirectoryMonitor object was created
769 [5320] INFO perfrun.launcher <> - DirectoryMonitor: a callback was added
769 [5320] INFO perfrun.launcher <> - DirectoryMonitor was started with pingTime = 1000
769 [5320] INFO perfrun.launcher <> - DeadlineTimer is going to be constructed
770 [5320] INFO perfrun.launcher <> - DeadlineTimer: a callback was added
811 [5320] INFO perfrun.launcher <> - Launcher: resume the profiled application and  wait its termination or stop command
60984 [5320] INFO perfrun.launcher <> - Launcher: the profiled application was terminated  with exit code = 0
61008 [19264] INFO perfrun.itt <> - stop itt controller
61008 [19264] INFO perfrun.itt <> - detach itt controller
61212 [19264] INFO perfrun.emon <> - EMON collector successfully stopped.

61212 [19264] INFO perfrun.tpss <> - stop tpss controller
61213 [19264] INFO perfrun.sdk <> - De-allocating TMU: C:\Users\cyber\source\repos\LiczbyPierwsze\LiczbyPierwsze\VTune Profiler Results\LiczbyPierwsze\r008hs\data.0\systemcollector-1956-EWA-LENOVO.sc
61227 [19264] INFO perfrun.system <> - closed the system trace file: C:\Users\cyber\source\repos\LiczbyPierwsze\LiczbyPierwsze\VTune Profiler Results\LiczbyPierwsze\r008hs\data.0\systemcollector-1956-EWA-LENOVO.sc
61228 [5320] INFO perfrun.launcher <> - Launcher: all plugins were stopped.
61228 [5320] INFO perfrun.launcher <> - DeadlineTimer is going to be destroyed
61228 [5320] INFO perfrun.launcher <> - DeadlineTimer was destroyed
61228 [5320] INFO perfrun.launcher <> - DirectoryMonitor object was destroyed
61228 [5320] WARN perfrun.launcher <> - Stop command is ignored because it is received when collection is already stopped, at file: C:\BB\INNLphep2w6r\b\tmpkyefqh\vcs\perfrun1\launcher\src\command_handler.cpp:212
61229 [5320] INFO perfrun.launcher <> - Application exit code: 0
61229 [5320] INFO perfrun.launcher <> - Exit code: 0
